This is pdfTeX, Version 3.1415926-2.4-1.40.13 (MiKTeX 2.9 64-bit) (preloaded format=pdflatex 2014.2.1)  26 FEB 2015 23:16
entering extended mode
**subDraft3v2.tex
(C:\Users\Nathan\Documents\GitHub\blocks-o-code\docs\latex\subDraft3v2.tex
LaTeX2e <2011/06/27>
Babel <v3.8m> and hyphenation patterns for english, afrikaans, ancientgreek, ar
abic, armenian, assamese, basque, bengali, bokmal, bulgarian, catalan, coptic, 
croatian, czech, danish, dutch, esperanto, estonian, farsi, finnish, french, ga
lician, german, german-x-2012-05-30, greek, gujarati, hindi, hungarian, iceland
ic, indonesian, interlingua, irish, italian, kannada, kurmanji, latin, latvian,
 lithuanian, malayalam, marathi, mongolian, mongolianlmc, monogreek, ngerman, n
german-x-2012-05-30, nynorsk, oriya, panjabi, pinyin, polish, portuguese, roman
ian, russian, sanskrit, serbian, slovak, slovenian, spanish, swedish, swissgerm
an, tamil, telugu, turkish, turkmen, ukenglish, ukrainian, uppersorbian, usengl
ishmax, welsh, loaded.
(C:\Users\Nathan\Documents\GitHub\blocks-o-code\docs\latex\start.tex
("C:\Program Files\MiKTeX 2.9\tex\latex\base\article.cls"
Document Class: article 2007/10/19 v1.4h Standard LaTeX document class
("C:\Program Files\MiKTeX 2.9\tex\latex\base\size12.clo"
File: size12.clo 2007/10/19 v1.4h Standard LaTeX file (size option)
)
\c@part=\count79
\c@section=\count80
\c@subsection=\count81
\c@subsubsection=\count82
\c@paragraph=\count83
\c@subparagraph=\count84
\c@figure=\count85
\c@table=\count86
\abovecaptionskip=\skip41
\belowcaptionskip=\skip42
\bibindent=\dimen102
)
("C:\Program Files\MiKTeX 2.9\tex\latex\base\inputenc.sty"
Package: inputenc 2008/03/30 v1.1d Input encoding file
\inpenc@prehook=\toks14
\inpenc@posthook=\toks15

("C:\Program Files\MiKTeX 2.9\tex\latex\base\latin1.def"
File: latin1.def 2008/03/30 v1.1d Input encoding file
))
("C:\Program Files\MiKTeX 2.9\tex\latex\pdfpages\pdfpages.sty"
Package: pdfpages 2012/08/31 v0.4t Insert pages of external PDF documents (AM)

("C:\Program Files\MiKTeX 2.9\tex\latex\base\ifthen.sty"
Package: ifthen 2001/05/26 v1.1c Standard LaTeX ifthen package (DPC)
)
("C:\Program Files\MiKTeX 2.9\tex\latex\tools\calc.sty"
Package: calc 2007/08/22 v4.3 Infix arithmetic (KKT,FJ)
\calc@Acount=\count87
\calc@Bcount=\count88
\calc@Adimen=\dimen103
\calc@Bdimen=\dimen104
\calc@Askip=\skip43
\calc@Bskip=\skip44
LaTeX Info: Redefining \setlength on input line 76.
LaTeX Info: Redefining \addtolength on input line 77.
\calc@Ccount=\count89
\calc@Cskip=\skip45
)
("C:\Program Files\MiKTeX 2.9\tex\latex\eso-pic\eso-pic.sty"
Package: eso-pic 2010/10/06 v2.0c eso-pic (RN)

("C:\Program Files\MiKTeX 2.9\tex\generic\oberdiek\atbegshi.sty"
Package: atbegshi 2011/10/05 v1.16 At begin shipout hook (HO)

("C:\Program Files\MiKTeX 2.9\tex\generic\oberdiek\infwarerr.sty"
Package: infwarerr 2010/04/08 v1.3 Providing info/warning/error messages (HO)
)
("C:\Program Files\MiKTeX 2.9\tex\generic\oberdiek\ltxcmds.sty"
Package: ltxcmds 2011/11/09 v1.22 LaTeX kernel commands for general use (HO)
)
("C:\Program Files\MiKTeX 2.9\tex\generic\oberdiek\ifpdf.sty"
Package: ifpdf 2011/01/30 v2.3 Provides the ifpdf switch (HO)
Package ifpdf Info: pdfTeX in PDF mode is detected.
))
("C:\Program Files\MiKTeX 2.9\tex\latex\graphics\keyval.sty"
Package: keyval 1999/03/16 v1.13 key=value parser (DPC)
\KV@toks@=\toks16
)
("C:\Program Files\MiKTeX 2.9\tex\latex\xcolor\xcolor.sty"
Package: xcolor 2007/01/21 v2.11 LaTeX color extensions (UK)

("C:\Program Files\MiKTeX 2.9\tex\latex\00miktex\color.cfg"
File: color.cfg 2007/01/18 v1.5 color configuration of teTeX/TeXLive
)
Package xcolor Info: Driver file: pdftex.def on input line 225.

("C:\Program Files\MiKTeX 2.9\tex\latex\pdftex-def\pdftex.def"
File: pdftex.def 2011/05/27 v0.06d Graphics/color for pdfTeX
\Gread@gobject=\count90
)
Package xcolor Info: Model `cmy' substituted by `cmy0' on input line 1337.
Package xcolor Info: Model `hsb' substituted by `rgb' on input line 1341.
Package xcolor Info: Model `RGB' extended on input line 1353.
Package xcolor Info: Model `HTML' substituted by `rgb' on input line 1355.
Package xcolor Info: Model `Hsb' substituted by `hsb' on input line 1356.
Package xcolor Info: Model `tHsb' substituted by `hsb' on input line 1357.
Package xcolor Info: Model `HSB' substituted by `hsb' on input line 1358.
Package xcolor Info: Model `Gray' substituted by `gray' on input line 1359.
Package xcolor Info: Model `wave' substituted by `hsb' on input line 1360.
))
("C:\Program Files\MiKTeX 2.9\tex\latex\graphics\graphicx.sty"
Package: graphicx 1999/02/16 v1.0f Enhanced LaTeX Graphics (DPC,SPQR)

("C:\Program Files\MiKTeX 2.9\tex\latex\graphics\graphics.sty"
Package: graphics 2009/02/05 v1.0o Standard LaTeX Graphics (DPC,SPQR)

("C:\Program Files\MiKTeX 2.9\tex\latex\graphics\trig.sty"
Package: trig 1999/03/16 v1.09 sin cos tan (DPC)
)
("C:\Program Files\MiKTeX 2.9\tex\latex\00miktex\graphics.cfg"
File: graphics.cfg 2007/01/18 v1.5 graphics configuration of teTeX/TeXLive
)
Package graphics Info: Driver file: pdftex.def on input line 91.
)
\Gin@req@height=\dimen105
\Gin@req@width=\dimen106
)
("C:\Program Files\MiKTeX 2.9\tex\latex\pdfpages\pppdftex.def"
File: pppdftex.def 2012/08/31 v0.4t Pdfpages driver for pdfTeX (AM)
)
\AM@pagebox=\box26
\AM@toc@title=\toks17
\c@AM@survey=\count91
\AM@templatesizebox=\box27
)
("C:\Program Files\MiKTeX 2.9\tex\latex\float\float.sty"
Package: float 2001/11/08 v1.3d Float enhancements (AL)
\c@float@type=\count92
\float@exts=\toks18
\float@box=\box28
\@float@everytoks=\toks19
\@floatcapt=\box29
)
("C:\Program Files\MiKTeX 2.9\tex\latex\amsmath\amsmath.sty"
Package: amsmath 2013/01/14 v2.14 AMS math features
\@mathmargin=\skip46

For additional information on amsmath, use the `?' option.
("C:\Program Files\MiKTeX 2.9\tex\latex\amsmath\amstext.sty"
Package: amstext 2000/06/29 v2.01

("C:\Program Files\MiKTeX 2.9\tex\latex\amsmath\amsgen.sty"
File: amsgen.sty 1999/11/30 v2.0
\@emptytoks=\toks20
\ex@=\dimen107
))
("C:\Program Files\MiKTeX 2.9\tex\latex\amsmath\amsbsy.sty"
Package: amsbsy 1999/11/29 v1.2d
\pmbraise@=\dimen108
)
("C:\Program Files\MiKTeX 2.9\tex\latex\amsmath\amsopn.sty"
Package: amsopn 1999/12/14 v2.01 operator names
)
\inf@bad=\count93
LaTeX Info: Redefining \frac on input line 210.
\uproot@=\count94
\leftroot@=\count95
LaTeX Info: Redefining \overline on input line 306.
\classnum@=\count96
\DOTSCASE@=\count97
LaTeX Info: Redefining \ldots on input line 378.
LaTeX Info: Redefining \dots on input line 381.
LaTeX Info: Redefining \cdots on input line 466.
\Mathstrutbox@=\box30
\strutbox@=\box31
\big@size=\dimen109
LaTeX Font Info:    Redeclaring font encoding OML on input line 566.
LaTeX Font Info:    Redeclaring font encoding OMS on input line 567.
\macc@depth=\count98
\c@MaxMatrixCols=\count99
\dotsspace@=\muskip10
\c@parentequation=\count100
\dspbrk@lvl=\count101
\tag@help=\toks21
\row@=\count102
\column@=\count103
\maxfields@=\count104
\andhelp@=\toks22
\eqnshift@=\dimen110
\alignsep@=\dimen111
\tagshift@=\dimen112
\tagwidth@=\dimen113
\totwidth@=\dimen114
\lineht@=\dimen115
\@envbody=\toks23
\multlinegap=\skip47
\multlinetaggap=\skip48
\mathdisplay@stack=\toks24
LaTeX Info: Redefining \[ on input line 2665.
LaTeX Info: Redefining \] on input line 2666.
)
("C:\Program Files\MiKTeX 2.9\tex\latex\amsfonts\amsfonts.sty"
Package: amsfonts 2013/01/14 v3.01 Basic AMSFonts support
\symAMSa=\mathgroup4
\symAMSb=\mathgroup5
LaTeX Font Info:    Overwriting math alphabet `\mathfrak' in version `bold'
(Font)                  U/euf/m/n --> U/euf/b/n on input line 106.
)
("C:\Program Files\MiKTeX 2.9\tex\latex\amsfonts\amssymb.sty"
Package: amssymb 2013/01/14 v3.01 AMS font symbols
)
("C:\Program Files\MiKTeX 2.9\tex\latex\tools\multicol.sty"
Package: multicol 2011/06/27 v1.7a multicolumn formatting (FMi)
\c@tracingmulticols=\count105
\mult@box=\box32
\multicol@leftmargin=\dimen116
\c@unbalance=\count106
\c@collectmore=\count107
\doublecol@number=\count108
\multicoltolerance=\count109
\multicolpretolerance=\count110
\full@width=\dimen117
\page@free=\dimen118
\premulticols=\dimen119
\postmulticols=\dimen120
\multicolsep=\skip49
\multicolbaselineskip=\skip50
\partial@page=\box33
\last@line=\box34
\mult@rightbox=\box35
\mult@grightbox=\box36
\mult@gfirstbox=\box37
\mult@firstbox=\box38
\@tempa=\box39
\@tempa=\box40
\@tempa=\box41
\@tempa=\box42
\@tempa=\box43
\@tempa=\box44
\@tempa=\box45
\@tempa=\box46
\@tempa=\box47
\@tempa=\box48
\@tempa=\box49
\@tempa=\box50
\@tempa=\box51
\@tempa=\box52
\@tempa=\box53
\@tempa=\box54
\@tempa=\box55
\c@columnbadness=\count111
\c@finalcolumnbadness=\count112
\last@try=\dimen121
\multicolovershoot=\dimen122
\multicolundershoot=\dimen123
\mult@nat@firstbox=\box56
\colbreak@box=\box57
\multicol@sort@counter=\count113
)
("C:\Program Files\MiKTeX 2.9\tex\latex\multirow\multirow.sty"
\bigstrutjot=\dimen124
)
("C:\Program Files\MiKTeX 2.9\tex\latex\base\makeidx.sty"
Package: makeidx 2000/03/29 v1.0m Standard LaTeX package
)
("C:\Program Files\MiKTeX 2.9\tex\generic\babel\babel.sty"
Package: babel 2008/07/08 v3.8m The Babel package

*************************************
* Local config file bblopts.cfg used
*
("C:\Program Files\MiKTeX 2.9\tex\latex\00miktex\bblopts.cfg"
File: bblopts.cfg 2006/07/31 v1.0 MiKTeX 'babel' configuration
)
("C:\Program Files\MiKTeX 2.9\tex\generic\babel\english.ldf"
Language: english 2005/03/30 v3.3o English support from the babel system

("C:\Program Files\MiKTeX 2.9\tex\generic\babel\babel.def"
File: babel.def 2008/07/08 v3.8m Babel common definitions
\babel@savecnt=\count114
\U@D=\dimen125
)
\l@canadian = a dialect from \language\l@american 
\l@australian = a dialect from \language\l@british 
\l@newzealand = a dialect from \language\l@british 
))
("C:\Program Files\MiKTeX 2.9\tex\latex\hyperref\hyperref.sty"
Package: hyperref 2012/11/06 v6.83m Hypertext links for LaTeX

("C:\Program Files\MiKTeX 2.9\tex\generic\oberdiek\hobsub-hyperref.sty"
Package: hobsub-hyperref 2012/04/25 v1.12 Bundle oberdiek, subset hyperref (HO)


("C:\Program Files\MiKTeX 2.9\tex\generic\oberdiek\hobsub-generic.sty"
Package: hobsub-generic 2012/04/25 v1.12 Bundle oberdiek, subset generic (HO)
Package: hobsub 2012/04/25 v1.12 Construct package bundles (HO)
Package hobsub Info: Skipping package `infwarerr' (already loaded).
Package hobsub Info: Skipping package `ltxcmds' (already loaded).
Package: ifluatex 2010/03/01 v1.3 Provides the ifluatex switch (HO)
Package ifluatex Info: LuaTeX not detected.
Package: ifvtex 2010/03/01 v1.5 Detect VTeX and its facilities (HO)
Package ifvtex Info: VTeX not detected.
Package: intcalc 2007/09/27 v1.1 Expandable calculations with integers (HO)
Package hobsub Info: Skipping package `ifpdf' (already loaded).
Package: etexcmds 2011/02/16 v1.5 Avoid name clashes with e-TeX commands (HO)
Package etexcmds Info: Could not find \expanded.
(etexcmds)             That can mean that you are not using pdfTeX 1.50 or
(etexcmds)             that some package has redefined \expanded.
(etexcmds)             In the latter case, load this package earlier.
Package: kvsetkeys 2012/04/25 v1.16 Key value parser (HO)
Package: kvdefinekeys 2011/04/07 v1.3 Define keys (HO)
Package: pdftexcmds 2011/11/29 v0.20 Utility functions of pdfTeX for LuaTeX (HO
)
Package pdftexcmds Info: LuaTeX not detected.
Package pdftexcmds Info: \pdf@primitive is available.
Package pdftexcmds Info: \pdf@ifprimitive is available.
Package pdftexcmds Info: \pdfdraftmode found.
Package: pdfescape 2011/11/25 v1.13 Implements pdfTeX's escape features (HO)
Package: bigintcalc 2012/04/08 v1.3 Expandable calculations on big integers (HO
)
Package: bitset 2011/01/30 v1.1 Handle bit-vector datatype (HO)
Package: uniquecounter 2011/01/30 v1.2 Provide unlimited unique counter (HO)
)
Package hobsub Info: Skipping package `hobsub' (already loaded).
Package: letltxmacro 2010/09/02 v1.4 Let assignment for LaTeX macros (HO)
Package: hopatch 2011/06/24 v1.1 Wrapper for package hooks (HO)
Package: xcolor-patch 2011/01/30 xcolor patch
Package: atveryend 2011/06/30 v1.8 Hooks at the very end of document (HO)
Package atveryend Info: \enddocument detected (standard20110627).
Package hobsub Info: Skipping package `atbegshi' (already loaded).
Package: refcount 2011/10/16 v3.4 Data extraction from label references (HO)
Package: hycolor 2011/01/30 v1.7 Color options for hyperref/bookmark (HO)
)
("C:\Program Files\MiKTeX 2.9\tex\generic\ifxetex\ifxetex.sty"
Package: ifxetex 2010/09/12 v0.6 Provides ifxetex conditional
)
("C:\Program Files\MiKTeX 2.9\tex\latex\oberdiek\auxhook.sty"
Package: auxhook 2011/03/04 v1.3 Hooks for auxiliary files (HO)
)
("C:\Program Files\MiKTeX 2.9\tex\latex\oberdiek\kvoptions.sty"
Package: kvoptions 2011/06/30 v3.11 Key value format for package options (HO)
)
\@linkdim=\dimen126
\Hy@linkcounter=\count115
\Hy@pagecounter=\count116

("C:\Program Files\MiKTeX 2.9\tex\latex\hyperref\pd1enc.def"
File: pd1enc.def 2012/11/06 v6.83m Hyperref: PDFDocEncoding definition (HO)
)
\Hy@SavedSpaceFactor=\count117

("C:\Program Files\MiKTeX 2.9\tex\latex\00miktex\hyperref.cfg"
File: hyperref.cfg 2002/06/06 v1.2 hyperref configuration of TeXLive
)
Package hyperref Info: Hyper figures OFF on input line 4443.
Package hyperref Info: Link nesting OFF on input line 4448.
Package hyperref Info: Hyper index ON on input line 4451.
Package hyperref Info: Plain pages OFF on input line 4458.
Package hyperref Info: Backreferencing OFF on input line 4463.
Package hyperref Info: Implicit mode ON; LaTeX internals redefined.
Package hyperref Info: Bookmarks ON on input line 4688.
\c@Hy@tempcnt=\count118

("C:\Program Files\MiKTeX 2.9\tex\latex\ltxmisc\url.sty"
\Urlmuskip=\muskip11
Package: url 2006/04/12  ver 3.3  Verb mode for urls, etc.
)
LaTeX Info: Redefining \url on input line 5041.
\XeTeXLinkMargin=\dimen127
\Fld@menulength=\count119
\Field@Width=\dimen128
\Fld@charsize=\dimen129
Package hyperref Info: Hyper figures OFF on input line 6295.
Package hyperref Info: Link nesting OFF on input line 6300.
Package hyperref Info: Hyper index ON on input line 6303.
Package hyperref Info: backreferencing OFF on input line 6310.
Package hyperref Info: Link coloring OFF on input line 6315.
Package hyperref Info: Link coloring with OCG OFF on input line 6320.
Package hyperref Info: PDF/A mode OFF on input line 6325.
LaTeX Info: Redefining \ref on input line 6365.
LaTeX Info: Redefining \pageref on input line 6369.
\Hy@abspage=\count120
\c@Item=\count121
\c@Hfootnote=\count122
)

Package hyperref Message: Driver (autodetected): hpdftex.

("C:\Program Files\MiKTeX 2.9\tex\latex\hyperref\hpdftex.def"
File: hpdftex.def 2012/11/06 v6.83m Hyperref driver for pdfTeX
\Fld@listcount=\count123
\c@bookmark@seq@number=\count124

("C:\Program Files\MiKTeX 2.9\tex\latex\oberdiek\rerunfilecheck.sty"
Package: rerunfilecheck 2011/04/15 v1.7 Rerun checks for auxiliary files (HO)
Package uniquecounter Info: New unique counter `rerunfilecheck' on input line 2
82.
)
\Hy@SectionHShift=\skip51
)
("C:\Program Files\MiKTeX 2.9\tex\latex\tools\array.sty"
Package: array 2008/09/09 v2.4c Tabular extension package (FMi)
\col@sep=\dimen130
\extrarowheight=\dimen131
\NC@list=\toks25
\extratabsurround=\skip52
\backup@length=\skip53
)
("C:\Program Files\MiKTeX 2.9\tex\latex\blindtext\blindtext.sty"
Package: blindtext 2012/01/06 V2.0 blindtext-Package

("C:\Program Files\MiKTeX 2.9\tex\latex\tools\xspace.sty"
Package: xspace 2009/10/20 v1.13 Space after command names (DPC,MH)
)
\c@blindtext=\count125
\c@Blindtext=\count126
\c@blind@countparstart=\count127
\blind@countxx=\count128
\blindtext@numBlindtext=\count129
\blind@countyy=\count130
\c@blindlist=\count131
\c@blindlistlevel=\count132
\c@blindlist@level=\count133
\blind@listitem=\count134
\c@blind@listcount=\count135
\c@blind@levelcount=\count136
\blind@mathformula=\count137
\blind@Mathformula=\count138
\c@blind@randomcount=\count139
\c@blind@randommax=\count140
\c@blind@pangramcount=\count141
\c@blind@pangrammax=\count142
)
("C:\Program Files\MiKTeX 2.9\tex\latex\setspace\setspace.sty"
Package: setspace 2011/12/19 v6.7a set line spacing
))
("C:\Program Files\MiKTeX 2.9\tex\latex\ltxmisc\parskip.sty"
Package: parskip 2001/04/09 non-zero parskip adjustments
)
("C:\Program Files\MiKTeX 2.9\tex\latex\pstricks\pstricks.sty"
Package: pstricks 2013/05/21 v0.56 LaTeX wrapper for `PSTricks' (RN,HV)

("C:\Program Files\MiKTeX 2.9\tex\generic\pstricks\base\pstricks.tex"
("C:\Program Files\MiKTeX 2.9\tex\generic\xkeyval\pst-xkey.tex"
File: pst-xkey.tex 2005/11/25 v1.6 PSTricks specialization of xkeyval (HA)

("C:\Program Files\MiKTeX 2.9\tex\latex\xkeyval\xkeyval.sty"
Package: xkeyval 2012/10/14 v2.6b package option processing (HA)

("C:\Program Files\MiKTeX 2.9\tex\generic\xkeyval\xkeyval.tex"
\XKV@toks=\toks26
\XKV@tempa@toks=\toks27
\XKV@depth=\count143
File: xkeyval.tex 2012/10/14 v2.6b key=value parser (HA)
)))
("C:\Program Files\MiKTeX 2.9\tex\generic\pstricks\base\pst-fp.tex"
`pst-fp' v0.05, 2010/01/17 (hv)
\pstFP@xs=\count144
\pstFP@xia=\count145
\pstFP@xib=\count146
\pstFP@xfa=\count147
\pstFP@xfb=\count148
\pstFP@rega=\count149
\pstFP@regb=\count150
\pstFP@regs=\count151
\pstFP@times=\count152
)
("C:\Program Files\MiKTeX 2.9\tex\generic\pgf\utilities\pgfutil-common.tex"
\pgfutil@everybye=\toks28
)
("C:\Program Files\MiKTeX 2.9\tex\generic\pgf\utilities\pgfkeys.code.tex"
\pgfkeys@pathtoks=\toks29
\pgfkeys@temptoks=\toks30

("C:\Program Files\MiKTeX 2.9\tex\generic\pgf\utilities\pgfkeysfiltered.code.te
x"
\pgfkeys@tmptoks=\toks31
)) ("C:\Program Files\MiKTeX 2.9\tex\generic\pgf\utilities\pgffor.code.tex"
\pgffor@iter=\dimen132
\pgffor@skip=\dimen133
\pgffor@stack=\toks32
\pgffor@toks=\toks33
)
\psLoopIndex=\count153

`PSTricks' v2.43  <2013/05/12> (tvz)
\pst@dima=\dimen134
\pst@dimb=\dimen135
\pst@dimc=\dimen136
\pst@dimd=\dimen137
\pst@dimg=\dimen138
\pst@dimh=\dimen139
\pst@dimm=\dimen140
\pst@dimn=\dimen141
\pst@dimo=\dimen142
\pst@dimp=\dimen143
\pst@hbox=\box58
\pst@ibox=\box59
\pst@boxg=\box60
\pst@cnta=\count154
\pst@cntb=\count155
\pst@cntc=\count156
\pst@cntd=\count157
\pst@cntg=\count158
\pst@cnth=\count159
\pst@cntm=\count160
\pst@cntn=\count161
\pst@cnto=\count162
\pst@cntp=\count163
\@zero=\count164
\pst@toks=\toks34
("C:\Program Files\MiKTeX 2.9\tex\generic\pstricks\base\pstricks.con")
\psunit=\dimen144
\psxunit=\dimen145
\psyunit=\dimen146
\pst@C@@rType=\count165
\pslinewidth=\dimen147
\psk@startLW=\dimen148
\psk@endLW=\dimen149
\pst@customdefs=\toks35
\pslinearc=\dimen150
\pst@symbolStep=\dimen151
\pst@symbolWidth=\dimen152
\pst@symbolLinewidth=\dimen153
\everypsbox=\toks36
\psframesep=\dimen154
\pslabelsep=\dimen155
\sh@wgridXunit=\dimen156
\sh@wgridYunit=\dimen157
\pst@shift=\dimen158
\theoverlaybox=\box61
)
File: pstricks.tex 2013/05/12 v2.43 `PSTricks' (tvz,hv)

("C:\Program Files\MiKTeX 2.9\tex\generic\pstricks\base\pst-fp.tex")
File: pst-fp.tex 2013/05/12 v2.43 `PST-fp' (hv)
)
(C:\Users\Nathan\Documents\GitHub\blocks-o-code\docs\latex\subDraft3v2.aux)
LaTeX Font Info:    Checking defaults for OML/cmm/m/it on input line 4.
LaTeX Font Info:    ... okay on input line 4.
LaTeX Font Info:    Checking defaults for T1/cmr/m/n on input line 4.
LaTeX Font Info:    ... okay on input line 4.
LaTeX Font Info:    Checking defaults for OT1/cmr/m/n on input line 4.
LaTeX Font Info:    ... okay on input line 4.
LaTeX Font Info:    Checking defaults for OMS/cmsy/m/n on input line 4.
LaTeX Font Info:    ... okay on input line 4.
LaTeX Font Info:    Checking defaults for OMX/cmex/m/n on input line 4.
LaTeX Font Info:    ... okay on input line 4.
LaTeX Font Info:    Checking defaults for U/cmr/m/n on input line 4.
LaTeX Font Info:    ... okay on input line 4.
LaTeX Font Info:    Checking defaults for PD1/pdf/m/n on input line 4.
LaTeX Font Info:    ... okay on input line 4.
\AtBeginShipoutBox=\box62

("C:\Program Files\MiKTeX 2.9\tex\context\base\supp-pdf.mkii"
[Loading MPS to PDF converter (version 2006.09.02).]
\scratchcounter=\count166
\scratchdimen=\dimen159
\scratchbox=\box63
\nofMPsegments=\count167
\nofMParguments=\count168
\everyMPshowfont=\toks37
\MPscratchCnt=\count169
\MPscratchDim=\dimen160
\MPnumerator=\count170
\makeMPintoPDFobject=\count171
\everyMPtoPDFconversion=\toks38
)
Package hyperref Info: Link coloring OFF on input line 4.
 ("C:\Program Files\MiKTeX 2.9\tex\latex\hyperref\nameref.sty"
Package: nameref 2012/10/27 v2.43 Cross-referencing by name of section

("C:\Program Files\MiKTeX 2.9\tex\generic\oberdiek\gettitlestring.sty"
Package: gettitlestring 2010/12/03 v1.4 Cleanup title references (HO)
)
\c@section@level=\count172
)
LaTeX Info: Redefining \ref on input line 4.
LaTeX Info: Redefining \pageref on input line 4.
LaTeX Info: Redefining \nameref on input line 4.

(C:\Users\Nathan\Documents\GitHub\blocks-o-code\docs\latex\subDraft3v2.out)
(C:\Users\Nathan\Documents\GitHub\blocks-o-code\docs\latex\subDraft3v2.out)
\@outlinefile=\write3

<./PSU_logo.png, id=111, 602.25pt x 161.10187pt>
File: ./PSU_logo.png Graphic file (type png)
 <use ./PSU_logo.png>
Package pdftex.def Info: ./PSU_logo.png used on input line 10.
(pdftex.def)             Requested size: 292.5pt x 78.24738pt.
 [1
Non-PDF special ignored!
Non-PDF special ignored!
Non-PDF special ignored!
Non-PDF special ignored!


Non-PDF special ignored!
Non-PDF special ignored!{C:/ProgramData/MiKTeX/2.9/pdftex/config/pdftex.map} <C
:/Users/Nathan/Documents/GitHub/blocks-o-code/docs/latex/PSU_logo.png>]
(C:\Users\Nathan\Documents\GitHub\blocks-o-code\docs\latex\subDraft3v2.toc
LaTeX Font Info:    Try loading font information for U+msa on input line 7.

("C:\Program Files\MiKTeX 2.9\tex\latex\amsfonts\umsa.fd"
File: umsa.fd 2013/01/14 v3.01 AMS symbols A
)
LaTeX Font Info:    Try loading font information for U+msb on input line 7.

("C:\Program Files\MiKTeX 2.9\tex\latex\amsfonts\umsb.fd"
File: umsb.fd 2013/01/14 v3.01 AMS symbols B
))
\tf@toc=\write4
pdfTeX warning (ext4): destination with the same identifier (name{page.1}) has 
been already used, duplicate ignored
<to be read again> 
                   \relax 
l.61 
      [1] [2]

pdfTeX warning: pdflatex.exe (file C:/Users/Nathan/Documents/GitHub/blocks-o-co
de/docs/latex/abcPDS.pdf): PDF inclusion: found PDF version <1.7>, but at most 
version <1.5> allowed


pdfTeX warning: pdflatex.exe (file C:/Users/Nathan/Documents/GitHub/blocks-o-co
de/docs/latex/abcPDS.pdf): PDF inclusion: found PDF version <1.7>, but at most 
version <1.5> allowed


pdfTeX warning: pdflatex.exe (file C:/Users/Nathan/Documents/GitHub/blocks-o-co
de/docs/latex/abcPDS.pdf): PDF inclusion: found PDF version <1.7>, but at most 
version <1.5> allowed
<abcPDS.pdf, id=160, page=1, 614.295pt x 794.97pt>
File: abcPDS.pdf Graphic file (type pdf)
 <use abcPDS.pdf, page 1>
Package pdftex.def Info: abcPDS.pdf, page1 used on input line 70.
(pdftex.def)             Requested size: 614.29349pt x 794.96806pt.
File: abcPDS.pdf Graphic file (type pdf)

<use abcPDS.pdf, page 1>
Package pdftex.def Info: abcPDS.pdf, page1 used on input line 70.
(pdftex.def)             Requested size: 597.78697pt x 773.60669pt.
File: abcPDS.pdf Graphic file (type pdf)
 <use abcPDS.pdf, page 1>
Package pdftex.def Info: abcPDS.pdf, page1 used on input line 70.
(pdftex.def)             Requested size: 597.78697pt x 773.60669pt.
File: abcPDS.pdf Graphic file (type pdf)
 <use abcPDS.pdf, page 1>
Package pdftex.def Info: abcPDS.pdf, page1 used on input line 70.
(pdftex.def)             Requested size: 597.78697pt x 773.60669pt.
File: abcPDS.pdf Graphic file (type pdf)

<use abcPDS.pdf, page 1>
Package pdftex.def Info: abcPDS.pdf, page1 used on input line 70.
(pdftex.def)             Requested size: 597.78697pt x 773.60669pt.
 [3 <C:/Users/Nathan/Documents/GitHub/blocks-o-code/docs/latex/abcPDS.pdf>] [4]
 [5] [6] [7]
<user_interface.png, id=216, 517.132pt x 385.44pt>
File: user_interface.png Graphic file (type png)
 <use user_interface.png>
Package pdftex.def Info: user_interface.png used on input line 169.
(pdftex.def)             Requested size: 433.62pt x 323.1969pt.

Overfull \hbox (43.62pt too wide) in paragraph at lines 169--171
[][]
 []

[8]
Overfull \hbox (11.3752pt too wide) in paragraph at lines 173--173
[]\OT1/cmtt/m/n/12 <Note: the bottom is one possible configuration being consid
ered>[] 
 []

[9 <C:/Users/Nathan/Documents/GitHub/blocks-o-code/docs/latex/user_interface.pn
g>] <central_processor_stages.jpeg, id=228, 614.295pt x 794.97pt>
File: central_processor_stages.jpeg Graphic file (type jpg)

<use central_processor_stages.jpeg>
Package pdftex.def Info: central_processor_stages.jpeg used on input line 185.
(pdftex.def)             Requested size: 433.62pt x 561.15749pt.

Overfull \hbox (43.62pt too wide) in paragraph at lines 185--186
[][] 
 []

[10] [11 <C:/Users/Nathan/Documents/GitHub/blocks-o-code/docs/latex/central_pro
cessor_stages.jpeg>] [12]
<central_processor_interpreter.jpeg, id=250, 614.295pt x 794.97pt>
File: central_processor_interpreter.jpeg Graphic file (type jpg)

<use central_processor_interpreter.jpeg>
Package pdftex.def Info: central_processor_interpreter.jpeg used on input line 
214.
(pdftex.def)             Requested size: 397.48499pt x 514.39537pt.

Overfull \hbox (7.48499pt too wide) in paragraph at lines 213--215
[] 
 []

[13] [14 <C:/Users/Nathan/Documents/GitHub/blocks-o-code/docs/latex/central_pro
cessor_interpreter.jpeg>] <BlkFace.png, id=262, 423.83344pt x 203.25937pt>
File: BlkFace.png Graphic file (type png)

<use BlkFace.png>
Package pdftex.def Info: BlkFace.png used on input line 218.
(pdftex.def)             Requested size: 423.83238pt x 203.25887pt.

Overfull \hbox (33.83238pt too wide) in paragraph at lines 218--219
[] 
 []

[15 <C:/Users/Nathan/Documents/GitHub/blocks-o-code/docs/latex/BlkFace.png>]
Overfull \hbox (1.05318pt too wide) in paragraph at lines 241--242
[]\OT1/cmr/m/it/12 Regular polling in asyn-chronus thread from lex-ing. \OT1/cm
r/m/n/12 In-creases the amount
 []

[16] <uC_state.png, id=279, 819.06pt x 892.33376pt>
File: uC_state.png Graphic file (type png)
 <use uC_state.png>
Package pdftex.def Info: uC_state.png used on input line 246.
(pdftex.def)             Requested size: 433.62pt x 472.41724pt.

Overfull \hbox (43.62pt too wide) in paragraph at lines 246--248
[]
 []

[17 <C:/Users/Nathan/Documents/GitHub/blocks-o-code/docs/latex/uC_state.png>]
<Connector_scheme_Drawing.png, id=285, 542.025pt x 542.025pt>
File: Connector_scheme_Drawing.png Graphic file (type png)

<use Connector_scheme_Drawing.png>
Package pdftex.def Info: Connector_scheme_Drawing.png used on input line 274.
(pdftex.def)             Requested size: 361.34999pt x 361.36014pt.
 [18] [19 <C:/Users/Nathan/Documents/GitHub/blocks-o-code/docs/latex/Connector_
scheme_Drawing.png>] [20] [21]
Package atveryend Info: Empty hook `BeforeClearDocument' on input line 333.
 [22]
Package atveryend Info: Empty hook `AfterLastShipout' on input line 333.

(C:\Users\Nathan\Documents\GitHub\blocks-o-code\docs\latex\subDraft3v2.aux)
Package atveryend Info: Executing hook `AtVeryEndDocument' on input line 333.
Package atveryend Info: Executing hook `AtEndAfterFileList' on input line 333.
Package rerunfilecheck Info: File `subDraft3v2.out' has not changed.
(rerunfilecheck)             Checksum: E7954601AD3E9C2CF64CE1399A6EAF7C;1790.
Package atveryend Info: Empty hook `AtVeryVeryEnd' on input line 333.
 ) 
Here is how much of TeX's memory you used:
 10019 strings out of 493921
 148421 string characters out of 3147280
 270710 words of memory out of 3000000
 13032 multiletter control sequences out of 15000+200000
 12835 words of font info for 47 fonts, out of 3000000 for 9000
 841 hyphenation exceptions out of 8191
 39i,18n,51p,763b,530s stack positions out of 5000i,500n,10000p,200000b,50000s
<C:/Program Files/MiKTeX 2.9/fonts/type1/public/amsfonts/cm/cmbx12.pfb><C:/Pr
ogram Files/MiKTeX 2.9/fonts/type1/public/amsfonts/cm/cmbxti10.pfb><C:/Program 
Files/MiKTeX 2.9/fonts/type1/public/amsfonts/cm/cmcsc10.pfb><C:/Program Files/M
iKTeX 2.9/fonts/type1/public/amsfonts/cm/cmr12.pfb><C:/Program Files/MiKTeX 2.9
/fonts/type1/public/amsfonts/cm/cmti12.pfb><C:/Program Files/MiKTeX 2.9/fonts/t
ype1/public/amsfonts/cm/cmtt12.pfb>
Output written on subDraft3v2.pdf (23 pages, 803383 bytes).
PDF statistics:
 358 PDF objects out of 1000 (max. 8388607)
 100 named destinations out of 1000 (max. 500000)
 267 words of extra memory for PDF output out of 10000 (max. 10000000)

