\BOOKMARK [1][-]{section.1}{Needs Statement}{}% 1
\BOOKMARK [1][-]{section.2}{Objective}{}% 2
\BOOKMARK [1][-]{section.3}{Background}{}% 3
\BOOKMARK [1][-]{section.4}{Marketing Requirements}{}% 4
\BOOKMARK [1][-]{section.5}{Risk Management}{}% 5
\BOOKMARK [2][-]{subsection.5.1}{Defining Risks}{section.5}% 6
\BOOKMARK [2][-]{subsection.5.2}{Mitigating Risk}{section.5}% 7
\BOOKMARK [1][-]{section.6}{Current Proposed Solutions }{}% 8
\BOOKMARK [2][-]{subsection.6.1}{System Overview and User Interface}{section.6}% 9
\BOOKMARK [2][-]{subsection.6.2}{Blocks And Communication: Software}{section.6}% 10
\BOOKMARK [3][-]{subsubsection.6.2.1}{Determining Location}{subsection.6.2}% 11
\BOOKMARK [2][-]{subsection.6.3}{Language, Parsing, Processing}{section.6}% 12
\BOOKMARK [3][-]{subsubsection.6.3.1}{Lexing}{subsection.6.3}% 13
\BOOKMARK [3][-]{subsubsection.6.3.2}{Parsing}{subsection.6.3}% 14
\BOOKMARK [3][-]{subsubsection.6.3.3}{Interpretation}{subsection.6.3}% 15
\BOOKMARK [2][-]{subsection.6.4}{ Visual Feedback}{section.6}% 16
\BOOKMARK [3][-]{subsubsection.6.4.1}{Wheel Encoder Diagrams}{subsection.6.4}% 17
\BOOKMARK [3][-]{subsubsection.6.4.2}{I/O}{subsection.6.4}% 18
\BOOKMARK [2][-]{subsection.6.5}{Micro-controller}{section.6}% 19
\BOOKMARK [2][-]{subsection.6.6}{Physical Connections}{section.6}% 20
\BOOKMARK [1][-]{section.7}{Pitfalls}{}% 21
\BOOKMARK [2][-]{subsection.7.1}{User Interface}{section.7}% 22
\BOOKMARK [2][-]{subsection.7.2}{Software}{section.7}% 23
\BOOKMARK [2][-]{subsection.7.3}{Visual Feedback}{section.7}% 24
\BOOKMARK [2][-]{subsection.7.4}{Micro-controller}{section.7}% 25
\BOOKMARK [2][-]{subsection.7.5}{Physical Connections}{section.7}% 26
