\BOOKMARK [1][-]{section.1}{Abstract}{}% 1
\BOOKMARK [1][-]{section.2}{Introduction}{}% 2
\BOOKMARK [2][-]{subsection.2.1}{Motivation}{section.2}% 3
\BOOKMARK [2][-]{subsection.2.2}{Proposal}{section.2}% 4
\BOOKMARK [1][-]{section.3}{Project Planning}{}% 5
\BOOKMARK [1][-]{section.4}{Methods and Tools}{}% 6
\BOOKMARK [1][-]{section.5}{Implementation}{}% 7
\BOOKMARK [2][-]{subsection.5.1}{Block}{section.5}% 8
\BOOKMARK [3][-]{subsubsection.5.1.1}{Adjacent Blocks}{subsection.5.1}% 9
\BOOKMARK [3][-]{subsubsection.5.1.2}{Handshake}{subsection.5.1}% 10
\BOOKMARK [3][-]{subsubsection.5.1.3}{SPI Transmission}{subsection.5.1}% 11
\BOOKMARK [3][-]{subsubsection.5.1.4}{TWI Commands}{subsection.5.1}% 12
\BOOKMARK [2][-]{subsection.5.2}{Processor Board}{section.5}% 13
\BOOKMARK [3][-]{subsubsection.5.2.1}{Lexer}{subsection.5.2}% 14
\BOOKMARK [3][-]{subsubsection.5.2.2}{Parser}{subsection.5.2}% 15
\BOOKMARK [3][-]{subsubsection.5.2.3}{Interpreter}{subsection.5.2}% 16
\BOOKMARK [3][-]{subsubsection.5.2.4}{Output Pipeline}{subsection.5.2}% 17
\BOOKMARK [1][-]{section.6}{Experiments and Testing}{}% 18
\BOOKMARK [1][-]{section.7}{Results}{}% 19
\BOOKMARK [1][-]{section.8}{Conclusions}{}% 20
\BOOKMARK [2][-]{subsection.8.1}{Lessons Learned}{section.8}% 21
\BOOKMARK [2][-]{subsection.8.2}{Future Work}{section.8}% 22
\BOOKMARK [1][-]{section.9}{Appendix I: Project Checklist}{}% 23
\BOOKMARK [1][-]{section.10}{Appendix II: Token Patterns}{}% 24
\BOOKMARK [1][-]{section.11}{Appendix III Grammar Rules}{}% 25
\BOOKMARK [1][-]{section.12}{Appendix IV: Test Plans}{}% 26
